Arguments: 
  /Users/piotr/Library/Application Support/fnm/node-versions/v16.15.1/installation/bin/node /Users/piotr/Library/Caches/fnm_multishells/86737_1676308011187/bin/yarn test

PATH: 
  /Users/piotr/Library/pnpm:/Users/piotr/.bun/bin:/Users/piotr/Library/Caches/fnm_multishells/86737_1676308011187/bin:/Users/piotr/.fnm:/opt/homebrew/bin:/opt/homebrew/sbin:/usr/local/bin:/System/Cryptexes/App/usr/bin:/usr/bin:/bin:/usr/sbin:/sbin:/Library/Apple/usr/bin:/Users/piotr/Library/pnpm:/Users/piotr/.bun/bin:/Users/piotr/Library/Caches/fnm_multishells/60714_1676285594803/bin:/Users/piotr/.fnm:/opt/homebrew/bin:/opt/homebrew/sbin:/Users/piotr/.cargo/bin:/Users/piotr/.foundry/bin:/Users/piotr/.foundry/bin

Yarn version: 
  1.22.19

Node version: 
  16.15.1

Platform: 
  darwin arm64

Trace: 
  SyntaxError: /Users/piotr/Documents/projects/l2beat/packages/shared/package.json: Unexpected token v in JSON at position 447
      at JSON.parse (<anonymous>)
      at /Users/piotr/Library/Application Support/fnm/node-versions/v16.15.1/installation/lib/node_modules/yarn/lib/cli.js:1629:59
      at Generator.next (<anonymous>)
      at step (/Users/piotr/Library/Application Support/fnm/node-versions/v16.15.1/installation/lib/node_modules/yarn/lib/cli.js:310:30)
      at /Users/piotr/Library/Application Support/fnm/node-versions/v16.15.1/installation/lib/node_modules/yarn/lib/cli.js:321:13

npm manifest: 
  {
    "name": "@l2beat/shared",
    "version": "0.1.0",
    "private": true,
    "main": "build/index.js",
    "types": "build/index.d.ts",
    "sideEffects": false,
    "scripts": {
      "build": "tsc -p tsconfig.build.json",
      "prebuild": "yarn clean",
      "clean": "rm -rf build",
      "format:fix": "prettier --write .",
      "format": "prettier --check .",
      "lint:fix": "yarn lint --fix",
      "lint": "eslint --ext .ts --max-warnings 0 src",
      "test: "vitest run",
      "typecheck": "tsc --noEmit"
    },
    "dependencies": {
      "@types/node-fetch": "^2.6.2",
      "chalk": "^4.1.2",
      "ethers": "^5.7.2",
      "mkdirp": "^1.0.4",
      "node-fetch": "^2.6.7",
      "zod": "^3.20.2",
      "earljs": "^0.2.3"
    },
    "devDependencies": {
      "prom-client": "^14.1.0"
    }
  }

yarn manifest: 
  No manifest

Lockfile: 
  No lockfile
