Arguments: 
  /usr/local/bin/node /usr/local/bin/yarn lint:fix

PATH: 
  /usr/local/sbin:/usr/local/bin:/usr/sbin:/usr/bin:/sbin:/bin:/usr/games:/usr/local/games:/snap/bin:/snap/bin

Yarn version: 
  1.22.17

Node version: 
  14.18.3

Platform: 
  linux x64

Trace: 
  SyntaxError: /home/antoni/repos/l2beat/packages/frontend/package.json: Unexpected token } in JSON at position 1283
      at JSON.parse (<anonymous>)
      at /usr/local/lib/node_modules/yarn/lib/cli.js:1625:59
      at Generator.next (<anonymous>)
      at step (/usr/local/lib/node_modules/yarn/lib/cli.js:310:30)
      at /usr/local/lib/node_modules/yarn/lib/cli.js:321:13

npm manifest: 
  {
    "name": "@l2beat/frontend",
    "version": "0.1.0",
    "private": true,
    "main": "build/src/index.js",
    "types": "build/src/index.d.ts",
    "scripts": {
      "format": "prettier --check .",
      "format:fix": "prettier --write .",
      "lint": "eslint --ext .ts,.tsx --max-warnings 0 src",
      "lint:fix": "yarn lint --fix",
      "typecheck": "tsc --noEmit",
      "build": "NODE_ENV=production gulp build",
      "start": "gulp watch",
      "test": "mocha"
    },
    "devDependencies": {
      "@l2beat/backend": "0.1.0",
      "@types/express": "^4.17.13",
      "@types/fs-extra": "^9.0.12",
      "@types/markdown-it": "^12.2.1",
      "@types/qrcode": "^1.4.1",
      "@types/react": "^17.0.22",
      "@types/react-dom": "^17.0.9",
      "autoprefixer": "^10.3.4",
      "cheerio": "^1.0.0-rc.10",
      "cssnano": "^5.0.8",
      "del": "^6.0.0",
  
      "gulp": "^4.0.2",
      "gulp-postcss": "^9.0.1",
      "gulp-sass": "^5.0.0",
      "markdown-it": "^12.2.0",
      "postcss": "^8.3.5",
      "prettier": "^2.4.1",
      "qrcode": "^1.4.4",
      "sass": "^1.42.0",
      "typescript": "^4.4.3"
    },
  
    "dependencies": {
      "@l2beat/config": "0.1.0",
  
      "react": "^17.0.2",
      "react-dom": "^17.0.2",
  
      "classnames": "^2.3.1",
      "puppeteer": "^10.2.0",
      "express": "^4.17.1",
      "fs-extra": "^10.0.0",
  
  
  
  
    }
  }

yarn manifest: 
  No manifest

Lockfile: 
  No lockfile
